<?xml version="1.0" encoding="utf-8"?><testsuites name="pytest tests"><testsuite name="pytest" errors="0" failures="0" skipped="0" tests="7" time="1.291" timestamp="2026-07-18T11:46:37.778294+00:00" hostname="agent-env-d32153c7-0c86-4dab-b60b-4b9c1d95f6d1"><testcase classname="backend.tests.backend_test" name="test_health" time="0.152" /><testcase classname="backend.tests.backend_test" name="test_seed_idempotent" time="0.104" /><testcase classname="backend.tests.backend_test" name="test_careers_list" time="0.044" /><testcase classname="backend.tests.backend_test" name="test_blogs_crud_and_filters" time="0.440" /><testcase classname="backend.tests.backend_test" name="test_media_crud" time="0.270" /><testcase classname="backend.tests.backend_test" name="test_profile_requests_create_and_list" time="0.090" /><testcase classname="backend.tests.backend_test" name="test_contact_submit" time="0.044" /></testsuite></testsuites>